<?xml version="1.0" encoding="UTF-8"?>
<!-- Generated by org.testng.reporters.JUnitXMLReporter -->
<testsuite hostname="WAEAEDXB01-0535" ignored="0" name="Edenred" tests="1" failures="1" timestamp="11 Jun 2022 13:44:02 GMT" time="32.605" errors="0">
  <testcase name="TC01MoneyTransfer_BankTransfer on [TC_Money_Transfer_Happy passed=0 failed=0 skipped=0]" time="32.126" classname="com.Edenred.testCases.MoneyTransfer.TC_Money_Transfer_Happy">
    <failure type="java.lang.AssertionError" message="1 expectation failed.
Expected status code &amp;lt;200&amp;gt; but was &amp;lt;400&amp;gt;.
">
      <![CDATA[java.lang.AssertionError: 1 expectation failed.
Expected status code <200> but was <400>.

at org.codehaus.groovy.runtime.callsite.ConstructorSite$ConstructorSiteNoUnwrap.callConstructor(ConstructorSite.java:84)
at org.codehaus.groovy.runtime.callsite.CallSiteArray.defaultCallConstructor(CallSiteArray.java:60)
at org.codehaus.groovy.runtime.callsite.AbstractCallSite.callConstructor(AbstractCallSite.java:235)
at org.codehaus.groovy.runtime.callsite.AbstractCallSite.callConstructor(AbstractCallSite.java:247)
at io.restassured.internal.ResponseSpecificationImpl$HamcrestAssertionClosure.validate(ResponseSpecificationImpl.groovy:483)
at io.restassured.internal.ResponseSpecificationImpl$HamcrestAssertionClosure$validate$1.call(Unknown Source)
at io.restassured.internal.ResponseSpecificationImpl.validateResponseIfRequired(ResponseSpecificationImpl.groovy:655)
at org.codehaus.groovy.runtime.callsite.PogoMetaMethodSite$PogoCachedMethodSiteNoUnwrapNoCoerce.invoke(PogoMetaMethodSite.java:210)
at org.codehaus.groovy.runtime.callsite.PogoMetaMethodSite.callCurrent(PogoMetaMethodSite.java:59)
at org.codehaus.groovy.runtime.callsite.AbstractCallSite.callCurrent(AbstractCallSite.java:166)
at io.restassured.internal.ResponseSpecificationImpl.statusCode(ResponseSpecificationImpl.groovy:123)
at io.restassured.specification.ResponseSpecification$statusCode$0.callCurrent(Unknown Source)
at io.restassured.internal.ResponseSpecificationImpl.statusCode(ResponseSpecificationImpl.groovy:131)
at io.restassured.internal.ValidatableResponseOptionsImpl.statusCode(ValidatableResponseOptionsImpl.java:119)
at com.Edenred.utilities.RestApi.post(RestApi.java:129)
at com.Edenred.testCases.MoneyTransfer.Money_Transfer.SendMoney(Money_Transfer.java:208)
at com.Edenred.testCases.MoneyTransfer.TC_Money_Transfer_Happy.TC01MoneyTransfer_BankTransfer(TC_Money_Transfer_Happy.java:106)
... Removed 35 stack frames]]>
    </failure>
  </testcase> <!-- TC01MoneyTransfer_BankTransfer on [TC_Money_Transfer_Happy passed=0 failed=0 skipped=0] -->
</testsuite> <!-- Edenred -->
