<?xml version="1.0" encoding="UTF-8"?>
<testng-results skipped="0" failed="2" ignored="0" total="3" passed="1">
  <reporter-output>
  </reporter-output>
  <suite name="Default suite" duration-ms="18176" started-at="2022-06-14T12:13:49Z" finished-at="2022-06-14T12:14:07Z">
    <groups>
    </groups>
    <test name="Default test" duration-ms="18176" started-at="2022-06-14T12:13:49Z" finished-at="2022-06-14T12:14:07Z">
      <class name="com.Edenred.testCases.MoneyTransfer.Negative_Tests.TC_02_Get_Beneficiary">
        <test-method status="PASS" signature="setup()[pri:0, instance:com.Edenred.testCases.MoneyTransfer.Negative_Tests.TC_02_Get_Beneficiary@6986852]" name="setup" is-config="true" duration-ms="68" started-at="2022-06-14T12:13:49Z" finished-at="2022-06-14T12:13:49Z">
          <reporter-output>
          </reporter-output>
        </test-method> <!-- setup -->
        <test-method status="PASS" signature="TC_01_Get_Beneficiary()[pri:0, instance:com.Edenred.testCases.MoneyTransfer.Negative_Tests.TC_02_Get_Beneficiary@6986852]" name="TC_01_Get_Beneficiary" duration-ms="7386" started-at="2022-06-14T12:13:49Z" finished-at="2022-06-14T12:13:56Z">
          <reporter-output>
          </reporter-output>
        </test-method> <!-- TC_01_Get_Beneficiary -->
        <test-method status="FAIL" signature="TC_02_FXRATE_Invalid_USERID()[pri:0, instance:com.Edenred.testCases.MoneyTransfer.Negative_Tests.TC_02_Get_Beneficiary@6986852]" name="TC_02_FXRATE_Invalid_USERID" duration-ms="5200" started-at="2022-06-14T12:13:56Z" finished-at="2022-06-14T12:14:01Z">
          <exception class="java.lang.ClassCastException">
            <message>
              <![CDATA[com.aventstack.extentreports.markuputils.CodeBlock cannot be cast to java.lang.Throwable]]>
            </message>
            <full-stacktrace>
              <![CDATA[java.lang.ClassCastException: com.aventstack.extentreports.markuputils.CodeBlock cannot be cast to java.lang.Throwable
at com.Edenred.testCases.MoneyTransfer.Negative_Tests.TC_02_Get_Beneficiary.TC_02_FXRATE_Invalid_USERID(TC_02_Get_Beneficiary.java:93)
at sun.reflect.NativeMethodAccessorImpl.invoke0(Native Method)
at sun.reflect.NativeMethodAccessorImpl.invoke(Unknown Source)
at sun.reflect.DelegatingMethodAccessorImpl.invoke(Unknown Source)
at java.lang.reflect.Method.invoke(Unknown Source)
at org.testng.internal.MethodInvocationHelper.invokeMethod(MethodInvocationHelper.java:124)
at org.testng.internal.Invoker.invokeMethod(Invoker.java:583)
at org.testng.internal.Invoker.invokeTestMethod(Invoker.java:719)
at org.testng.internal.Invoker.invokeTestMethods(Invoker.java:989)
at org.testng.internal.TestMethodWorker.invokeTestMethods(TestMethodWorker.java:125)
at org.testng.internal.TestMethodWorker.run(TestMethodWorker.java:109)
at org.testng.TestRunner.privateRun(TestRunner.java:648)
at org.testng.TestRunner.run(TestRunner.java:505)
at org.testng.SuiteRunner.runTest(SuiteRunner.java:455)
at org.testng.SuiteRunner.runSequentially(SuiteRunner.java:450)
at org.testng.SuiteRunner.privateRun(SuiteRunner.java:415)
at org.testng.SuiteRunner.run(SuiteRunner.java:364)
at org.testng.SuiteRunnerWorker.runSuite(SuiteRunnerWorker.java:52)
at org.testng.SuiteRunnerWorker.run(SuiteRunnerWorker.java:84)
at org.testng.TestNG.runSuitesSequentially(TestNG.java:1208)
at org.testng.TestNG.runSuitesLocally(TestNG.java:1137)
at org.testng.TestNG.runSuites(TestNG.java:1049)
at org.testng.TestNG.run(TestNG.java:1017)
at org.testng.remote.AbstractRemoteTestNG.run(AbstractRemoteTestNG.java:115)
at org.testng.remote.RemoteTestNG.initAndRun(RemoteTestNG.java:251)
at org.testng.remote.RemoteTestNG.main(RemoteTestNG.java:77)
]]>
            </full-stacktrace>
          </exception> <!-- java.lang.ClassCastException -->
          <reporter-output>
          </reporter-output>
        </test-method> <!-- TC_02_FXRATE_Invalid_USERID -->
        <test-method status="FAIL" signature="TC_03_FXRATE_AmountNotExists()[pri:0, instance:com.Edenred.testCases.MoneyTransfer.Negative_Tests.TC_02_Get_Beneficiary@6986852]" name="TC_03_FXRATE_AmountNotExists" duration-ms="5264" started-at="2022-06-14T12:14:01Z" finished-at="2022-06-14T12:14:07Z">
          <exception class="java.lang.ClassCastException">
            <message>
              <![CDATA[com.aventstack.extentreports.markuputils.CodeBlock cannot be cast to java.lang.Throwable]]>
            </message>
            <full-stacktrace>
              <![CDATA[java.lang.ClassCastException: com.aventstack.extentreports.markuputils.CodeBlock cannot be cast to java.lang.Throwable
at com.Edenred.testCases.MoneyTransfer.Negative_Tests.TC_02_Get_Beneficiary.TC_03_FXRATE_AmountNotExists(TC_02_Get_Beneficiary.java:120)
at sun.reflect.NativeMethodAccessorImpl.invoke0(Native Method)
at sun.reflect.NativeMethodAccessorImpl.invoke(Unknown Source)
at sun.reflect.DelegatingMethodAccessorImpl.invoke(Unknown Source)
at java.lang.reflect.Method.invoke(Unknown Source)
at org.testng.internal.MethodInvocationHelper.invokeMethod(MethodInvocationHelper.java:124)
at org.testng.internal.Invoker.invokeMethod(Invoker.java:583)
at org.testng.internal.Invoker.invokeTestMethod(Invoker.java:719)
at org.testng.internal.Invoker.invokeTestMethods(Invoker.java:989)
at org.testng.internal.TestMethodWorker.invokeTestMethods(TestMethodWorker.java:125)
at org.testng.internal.TestMethodWorker.run(TestMethodWorker.java:109)
at org.testng.TestRunner.privateRun(TestRunner.java:648)
at org.testng.TestRunner.run(TestRunner.java:505)
at org.testng.SuiteRunner.runTest(SuiteRunner.java:455)
at org.testng.SuiteRunner.runSequentially(SuiteRunner.java:450)
at org.testng.SuiteRunner.privateRun(SuiteRunner.java:415)
at org.testng.SuiteRunner.run(SuiteRunner.java:364)
at org.testng.SuiteRunnerWorker.runSuite(SuiteRunnerWorker.java:52)
at org.testng.SuiteRunnerWorker.run(SuiteRunnerWorker.java:84)
at org.testng.TestNG.runSuitesSequentially(TestNG.java:1208)
at org.testng.TestNG.runSuitesLocally(TestNG.java:1137)
at org.testng.TestNG.runSuites(TestNG.java:1049)
at org.testng.TestNG.run(TestNG.java:1017)
at org.testng.remote.AbstractRemoteTestNG.run(AbstractRemoteTestNG.java:115)
at org.testng.remote.RemoteTestNG.initAndRun(RemoteTestNG.java:251)
at org.testng.remote.RemoteTestNG.main(RemoteTestNG.java:77)
]]>
            </full-stacktrace>
          </exception> <!-- java.lang.ClassCastException -->
          <reporter-output>
          </reporter-output>
        </test-method> <!-- TC_03_FXRATE_AmountNotExists -->
      </class> <!-- com.Edenred.testCases.MoneyTransfer.Negative_Tests.TC_02_Get_Beneficiary -->
    </test> <!-- Default test -->
  </suite> <!-- Default suite -->
</testng-results>
