<?xml version="1.0" encoding="UTF-8"?>
<!-- Generated by org.testng.reporters.JUnitXMLReporter -->
<testsuite ignored="0" hostname="WAEAEDXB01-0535" failures="8" tests="15" name="FoxRestAPITest" time="35.48" errors="0" timestamp="25 May 2022 08:36:07 GMT">
  <testcase classname="com.Edenred.testCases.TC001_REG_user" name="checkContentType" time="0.029"/>
  <testcase classname="com.Edenred.testCases.TC001_REG_user" name="checkResposeBody" time="0.05">
    <failure type="java.lang.AssertionError" message="expected [true] but found [false]">
      <![CDATA[java.lang.AssertionError: expected [true] but found [false]
at com.Edenred.testCases.TC001_REG_user.checkResposeBody(TC001_REG_user.java:62)
... Removed 29 stack frames]]>
    </failure>
  </testcase> <!-- checkResposeBody -->
  <testcase classname="com.Edenred.testCases.TC001_REG_user" name="checkStatusCode" time="0.004">
    <failure type="java.lang.AssertionError" message="expected [200] but found [403]">
      <![CDATA[java.lang.AssertionError: expected [200] but found [403]
at com.Edenred.testCases.TC001_REG_user.checkStatusCode(TC001_REG_user.java:72)
... Removed 29 stack frames]]>
    </failure>
  </testcase> <!-- checkStatusCode -->
  <testcase classname="com.Edenred.testCases.TC001_REG_user" name="checkcontentEncoding" time="0.005">
    <failure type="java.lang.AssertionError" message="expected [gzip] but found [null]">
      <![CDATA[java.lang.AssertionError: expected [gzip] but found [null]
at com.Edenred.testCases.TC001_REG_user.checkcontentEncoding(TC001_REG_user.java:94)
... Removed 29 stack frames]]>
    </failure>
  </testcase> <!-- checkcontentEncoding -->
  <testcase classname="com.Edenred.testCases.TC001_REG_user" name="checkstatusLine" time="0.003">
    <failure type="java.lang.AssertionError" message="expected [HTTP/1.1 200 OK] but found [HTTP/1.1 403 Forbidden]">
      <![CDATA[java.lang.AssertionError: expected [HTTP/1.1 200 OK] but found [HTTP/1.1 403 Forbidden]
at com.Edenred.testCases.TC001_REG_user.checkstatusLine(TC001_REG_user.java:79)
... Removed 29 stack frames]]>
    </failure>
  </testcase> <!-- checkstatusLine -->
  <testcase classname="com.Edenred.testCases.TC002_LOGIN_user" name="checkContentType" time="0.005">
    <failure type="java.lang.AssertionError" message="expected [application/json; charset=utf-8] but found [null]">
      <![CDATA[java.lang.AssertionError: expected [application/json; charset=utf-8] but found [null]
at com.Edenred.testCases.TC002_LOGIN_user.checkContentType(TC002_LOGIN_user.java:110)
... Removed 29 stack frames]]>
    </failure>
  </testcase> <!-- checkContentType -->
  <testcase classname="com.Edenred.testCases.TC002_LOGIN_user" name="checkResponseTime" time="0.005"/>
  <testcase classname="com.Edenred.testCases.TC002_LOGIN_user" name="checkResposeBody" time="0.002">
    <failure type="java.lang.AssertionError" message="expected [true] but found [false]">
      <![CDATA[java.lang.AssertionError: expected [true] but found [false]
at com.Edenred.testCases.TC002_LOGIN_user.checkResposeBody(TC002_LOGIN_user.java:76)
... Removed 29 stack frames]]>
    </failure>
  </testcase> <!-- checkResposeBody -->
  <testcase classname="com.Edenred.testCases.TC002_LOGIN_user" name="checkStatusCode" time="0.003">
    <failure type="java.lang.AssertionError" message="expected [200] but found [401]">
      <![CDATA[java.lang.AssertionError: expected [200] but found [401]
at com.Edenred.testCases.TC002_LOGIN_user.checkStatusCode(TC002_LOGIN_user.java:84)
... Removed 29 stack frames]]>
    </failure>
  </testcase> <!-- checkStatusCode -->
  <testcase classname="com.Edenred.testCases.TC002_LOGIN_user" name="checkstatusLine" time="0.003">
    <failure type="java.lang.AssertionError" message="expected [HTTP/1.1 200 OK] but found [HTTP/1.1 401 Unauthorized]">
      <![CDATA[java.lang.AssertionError: expected [HTTP/1.1 200 OK] but found [HTTP/1.1 401 Unauthorized]
at com.Edenred.testCases.TC002_LOGIN_user.checkstatusLine(TC002_LOGIN_user.java:101)
... Removed 29 stack frames]]>
    </failure>
  </testcase> <!-- checkstatusLine -->
  <testcase classname="com.Edenred.testCases.TC003_RESET_password" name="checkContentType" time="0.003"/>
  <testcase classname="com.Edenred.testCases.TC003_RESET_password" name="checkResponseTime" time="0.003"/>
  <testcase classname="com.Edenred.testCases.TC003_RESET_password" name="checkResposeBody" time="0.003"/>
  <testcase classname="com.Edenred.testCases.TC003_RESET_password" name="checkStatusCode" time="0.002"/>
  <testcase classname="com.Edenred.testCases.TC003_RESET_password" name="checkstatusLine" time="0.001"/>
</testsuite> <!-- FoxRestAPITest -->
